<?xml version="1.0" encoding="UTF-8"?>
<testng-results skipped="0" failed="0" ignored="0" total="1" passed="1">
  <reporter-output>
  </reporter-output>
  <suite name="Default suite" duration-ms="93" started-at="2019-12-05T05:59:17Z" finished-at="2019-12-05T05:59:17Z">
    <groups>
    </groups>
    <test name="Default test" duration-ms="93" started-at="2019-12-05T05:59:17Z" finished-at="2019-12-05T05:59:17Z">
      <class name="guidewire.SampleProgram">
        <test-method status="PASS" signature="Sample()[pri:0, instance:guidewire.SampleProgram@6093dd95]" name="Sample" duration-ms="46" started-at="2019-12-05T05:59:17Z" finished-at="2019-12-05T05:59:17Z">
          <reporter-output>
          </reporter-output>
        </test-method> <!-- Sample -->
      </class> <!-- guidewire.SampleProgram -->
    </test> <!-- Default test -->
  </suite> <!-- Default suite -->
</testng-results>
